<?xml version="1.0" encoding="UTF-8"?>
<!-- Generated by org.testng.reporters.JUnitReportReporter -->
<testsuite hostname="root.local" failures="0" tests="7" name="testCase.T001_Get" time="1.823" errors="0" timestamp="2020-08-24T05:43:58 EDT" skipped="0">
  <testcase classname="testCase.T001_Get" name="genderCheck" time="0.178"/>
  <system-out/>
  <testcase classname="testCase.T001_Get" name="test1" time="1.637"/>
  <system-out/>
  <testcase classname="testCase.T001_Get" name="test2" time="0.002"/>
  <system-out/>
  <testcase classname="testCase.T001_Get" name="idCheck" time="0.001"/>
  <system-out/>
  <testcase classname="testCase.T001_Get" name="firstNameCheck" time="0.002"/>
  <system-out/>
  <testcase classname="testCase.T001_Get" name="lastNameCheck" time="0.001"/>
  <system-out/>
  <testcase classname="testCase.T001_Get" name="ageCheck" time="0.002"/>
  <system-out/>
</testsuite> <!-- testCase.T001_Get -->
